CMD
(NetworkManager)
(abrt-dbus)
(abrt-watch-log)
(abrtd)
(agetty)
(ata_sff)
(atd)
(auditd)
(bash)
(bash)
(bash)
(bash)
(bash)
(bash)
(bash)
(bash)
(bioset)
(bioset)
(bioset)
(bioset)
(bioset)
(bioset)
(bioset)
(bioset)
(bioset)
(bnxt_pf_wq)
(bnxt_re)
(chef-client)
(chronyd)
(cpptools)
(cpptools-srv)
(crond)
(crypto)
(dbus-daemon)
(deferwq)
(edac-poller)
(f2b/server)
(firewalld)
(get_proc.sh)
(gpm)
(gssproxy)
(ib-comp-unb-wq)
(ib-comp-wq)
(ib_mcast)
(ib_nl_sa_wq)
(ipv6_addrconf)
(irq/100-mei_me)
(irqbalance)
(iscsi_eh)
(kaluad)
(kauditd)
(kblockd)
(kdevtmpfs)
(kdmflush)
(kdmflush)
(kdmflush)
(kdmflush)
(kdmflush)
(khugepaged)
(khungtaskd)
(kintegrityd)
(kmpath_rdacd)
(kpsmoused)
(ksmd)
(ksmtuned)
(ksoftirqd/0)
(ksoftirqd/1)
(ksoftirqd/10)
(ksoftirqd/11)
(ksoftirqd/12)
(ksoftirqd/13)
(ksoftirqd/14)
(ksoftirqd/15)
(ksoftirqd/16)
(ksoftirqd/17)
(ksoftirqd/18)
(ksoftirqd/19)
(ksoftirqd/2)
(ksoftirqd/20)
(ksoftirqd/21)
(ksoftirqd/22)
(ksoftirqd/23)
(ksoftirqd/24)
(ksoftirqd/25)
(ksoftirqd/26)
(ksoftirqd/27)
(ksoftirqd/28)
(ksoftirqd/29)
(ksoftirqd/3)
(ksoftirqd/30)
(ksoftirqd/31)
(ksoftirqd/32)
(ksoftirqd/33)
(ksoftirqd/34)
(ksoftirqd/35)
(ksoftirqd/36)
(ksoftirqd/37)
(ksoftirqd/38)
(ksoftirqd/39)
(ksoftirqd/4)
(ksoftirqd/40)
(ksoftirqd/41)
(ksoftirqd/42)
(ksoftirqd/43)
(ksoftirqd/44)
(ksoftirqd/45)
(ksoftirqd/46)
(ksoftirqd/47)
(ksoftirqd/5)
(ksoftirqd/6)
(ksoftirqd/7)
(ksoftirqd/8)
(ksoftirqd/9)
(kswapd0)
(kswapd1)
(kthreadd)
(kthrotld)
(kvm-irqfd-clean)
(kworker/0:0H)
(kworker/0:1)
(kworker/0:1H)
(kworker/0:2)
(kworker/10:0H)
(kworker/10:1)
(kworker/10:1H)
(kworker/10:2)
(kworker/11:0)
(kworker/11:0H)
(kworker/11:1)
(kworker/11:2)
(kworker/11:2H)
(kworker/12:0)
(kworker/12:0H)
(kworker/12:1)
(kworker/12:1H)
(kworker/13:0)
(kworker/13:0H)
(kworker/13:1)
(kworker/13:1H)
(kworker/13:2)
(kworker/14:0)
(kworker/14:0H)
(kworker/14:1)
(kworker/14:1H)
(kworker/14:2)
(kworker/15:0H)
(kworker/15:1)
(kworker/15:1H)
(kworker/15:2)
(kworker/16:0)
(kworker/16:0H)
(kworker/16:1)
(kworker/16:1H)
(kworker/17:0)
(kworker/17:0H)
(kworker/17:1H)
(kworker/17:2)
(kworker/18:0)
(kworker/18:0H)
(kworker/18:1H)
(kworker/18:21)
(kworker/18:22)
(kworker/19:0)
(kworker/19:0H)
(kworker/19:1)
(kworker/19:1H)
(kworker/19:2)
(kworker/1:0H)
(kworker/1:1)
(kworker/1:1H)
(kworker/1:2)
(kworker/20:0)
(kworker/20:0H)
(kworker/20:1)
(kworker/20:1H)
(kworker/21:0)
(kworker/21:0H)
(kworker/21:1)
(kworker/21:1H)
(kworker/21:2)
(kworker/22:0)
(kworker/22:0H)
(kworker/22:1)
(kworker/22:1H)
(kworker/22:2)
(kworker/23:0)
(kworker/23:0H)
(kworker/23:1)
(kworker/23:1H)
(kworker/23:2)
(kworker/24:0H)
(kworker/24:10)
(kworker/24:11)
(kworker/24:1H)
(kworker/25:0)
(kworker/25:0H)
(kworker/25:1)
(kworker/25:1H)
(kworker/25:2)
(kworker/26:0)
(kworker/26:0H)
(kworker/26:1)
(kworker/26:1H)
(kworker/27:0)
(kworker/27:0H)
(kworker/27:1)
(kworker/27:1H)
(kworker/27:2)
(kworker/28:0)
(kworker/28:0H)
(kworker/28:1)
(kworker/28:1H)
(kworker/29:0)
(kworker/29:0H)
(kworker/29:1)
(kworker/29:1H)
(kworker/29:2)
(kworker/2:0)
(kworker/2:0H)
(kworker/2:1)
(kworker/2:1H)
(kworker/2:2)
(kworker/30:0)
(kworker/30:0H)
(kworker/30:1)
(kworker/30:2H)
(kworker/31:0)
(kworker/31:0H)
(kworker/31:1)
(kworker/31:1H)
(kworker/32:0)
(kworker/32:0H)
(kworker/32:1)
(kworker/32:1H)
(kworker/32:2)
(kworker/33:0)
(kworker/33:0H)
(kworker/33:1H)
(kworker/33:2)
(kworker/34:0)
(kworker/34:0H)
(kworker/34:1)
(kworker/34:1H)
(kworker/35:0)
(kworker/35:0H)
(kworker/35:1)
(kworker/35:1H)
(kworker/35:2)
(kworker/36:0)
(kworker/36:0H)
(kworker/36:1)
(kworker/36:1H)
(kworker/37:0)
(kworker/37:0H)
(kworker/37:1)
(kworker/37:1H)
(kworker/37:2)
(kworker/38:0)
(kworker/38:0H)
(kworker/38:1)
(kworker/38:1H)
(kworker/39:0H)
(kworker/39:1)
(kworker/39:1H)
(kworker/39:2)
(kworker/3:0)
(kworker/3:0H)
(kworker/3:1)
(kworker/3:1H)
(kworker/3:2)
(kworker/40:0)
(kworker/40:0H)
(kworker/40:1)
(kworker/40:1H)
(kworker/41:0H)
(kworker/41:1)
(kworker/41:1H)
(kworker/41:2)
(kworker/42:0)
(kworker/42:0H)
(kworker/42:1)
(kworker/42:1H)
(kworker/43:0)
(kworker/43:0H)
(kworker/43:1H)
(kworker/43:2)
(kworker/44:0H)
(kworker/44:1)
(kworker/44:1H)
(kworker/44:2)
(kworker/45:0)
(kworker/45:0H)
(kworker/45:1)
(kworker/45:1H)
(kworker/45:2)
(kworker/46:0)
(kworker/46:0H)
(kworker/46:1)
(kworker/46:1H)
(kworker/47:0)
(kworker/47:0H)
(kworker/47:1)
(kworker/47:1H)
(kworker/4:0H)
(kworker/4:1)
(kworker/4:1H)
(kworker/4:2)
(kworker/5:0)
(kworker/5:0H)
(kworker/5:1)
(kworker/5:1H)
(kworker/5:5)
(kworker/6:0)
(kworker/6:0H)
(kworker/6:1)
(kworker/6:1H)
(kworker/7:0)
(kworker/7:0H)
(kworker/7:1)
(kworker/7:1H)
(kworker/7:2)
(kworker/8:0)
(kworker/8:0H)
(kworker/8:1)
(kworker/8:1H)
(kworker/8:2)
(kworker/9:0)
(kworker/9:0H)
(kworker/9:1H)
(kworker/9:2)
(kworker/u544:1)
(kworker/u544:2)
(kworker/u545:0)
(kworker/u545:1)
(kworker/u545:2)
(kworker/u545:5)
(kworker/u546:0)
(kworker/u546:1)
(kworker/u546:2)
(kworker/u546:5)
(kworker/u547:0)
(kworker/u548:0)
(kworker/u549:0)
(lockd)
(lru-add-drain)
(lsmd)
(lvmetad)
(master)
(md)
(migration/0)
(migration/1)
(migration/10)
(migration/11)
(migration/12)
(migration/13)
(migration/14)
(migration/15)
(migration/16)
(migration/17)
(migration/18)
(migration/19)
(migration/2)
(migration/20)
(migration/21)
(migration/22)
(migration/23)
(migration/24)
(migration/25)
(migration/26)
(migration/27)
(migration/28)
(migration/29)
(migration/3)
(migration/30)
(migration/31)
(migration/32)
(migration/33)
(migration/34)
(migration/35)
(migration/36)
(migration/37)
(migration/38)
(migration/39)
(migration/4)
(migration/40)
(migration/41)
(migration/42)
(migration/43)
(migration/44)
(migration/45)
(migration/46)
(migration/47)
(migration/5)
(migration/6)
(migration/7)
(migration/8)
(migration/9)
(mysqld)
(mysqld_safe)
(netns)
(nfit)
(nfsd)
(nfsd)
(nfsd)
(nfsd)
(nfsd)
(nfsd)
(nfsd)
(nfsd)
(nfsd)
(nfsd)
(nfsd)
(nfsd)
(nfsd)
(nfsd)
(nfsd)
(nfsd)
(nfsd)
(nfsd)
(nfsd)
(nfsd)
(nfsd)
(nfsd)
(nfsd)
(nfsd)
(nfsd)
(nfsd)
(nfsd)
(nfsd)
(nfsd)
(nfsd)
(nfsd)
(nfsd)
(nfsd)
(nfsd)
(nfsd)
(nfsd)
(nfsd)
(nfsd)
(nfsd)
(nfsd)
(nfsd)
(nfsd)
(nfsd)
(nfsd)
(nfsd)
(nfsd)
(nfsd)
(nfsd)
(nfsd)
(nfsd)
(nfsd)
(nfsd)
(nfsd)
(nfsd)
(nfsd)
(nfsd)
(nfsd)
(nfsd)
(nfsd)
(nfsd)
(nfsd)
(nfsd)
(nfsd)
(nfsd)
(nfsd)
(nfsd)
(nfsd)
(nfsd)
(nfsd)
(nfsd)
(nfsd)
(nfsd)
(nfsd)
(nfsd)
(nfsd)
(nfsd)
(nfsd)
(nfsd)
(nfsd)
(nfsd)
(nfsd)
(nfsd)
(nfsd)
(nfsd)
(nfsd)
(nfsd)
(nfsd)
(nfsd)
(nfsd)
(nfsd)
(nfsd)
(nfsd)
(nfsd)
(nfsd)
(nfsd)
(nfsd)
(nfsd)
(nfsd)
(nfsd)
(nfsd)
(nfsd)
(nfsd)
(nfsd)
(nfsd)
(nfsd)
(nfsd)
(nfsd)
(nfsd)
(nfsd)
(nfsd)
(nfsd)
(nfsd)
(nfsd)
(nfsd)
(nfsd)
(nfsd)
(nfsd)
(nfsd)
(nfsd)
(nfsd)
(nfsd)
(nfsd)
(nfsd)
(nfsd)
(nfsd)
(nfsd)
(nfsd)
(nfsd)
(nfsd)
(nfsd)
(nfsd)
(nfsd)
(nfsd)
(nfsd)
(nfsd)
(nfsd)
(nfsd)
(nfsd)
(nfsd)
(nfsd)
(nfsd)
(nfsd)
(nfsd)
(nfsd)
(nfsd)
(nfsd)
(nfsd)
(nfsd)
(nfsd)
(nfsd)
(nfsd)
(nfsd)
(nfsd)
(nfsd)
(nfsd)
(nfsd)
(nfsd)
(nfsd)
(nfsd)
(nfsd)
(nfsd)
(nfsd)
(nfsd)
(nfsd)
(nfsd)
(nfsd)
(nfsd)
(nfsd)
(nfsd)
(nfsd)
(nfsd)
(nfsd)
(nfsd)
(nfsd)
(nfsd)
(nfsd)
(nfsd)
(nfsd)
(nfsd)
(nfsd)
(nfsd)
(nfsd)
(nfsd)
(nfsd)
(nfsd)
(nfsd)
(nfsd)
(nfsd)
(nfsd)
(nfsd)
(nfsd)
(nfsd)
(nfsd)
(nfsd)
(nfsd)
(nfsd)
(nfsd)
(nfsd)
(nfsd)
(nfsd)
(nfsd4_callbacks)
(nfsiod)
(nfsv4.1-svc)
(node)
(node)
(node)
(oddjobd)
(pickup)
(polkitd)
(poll_megasas0_s)
(python)
(qmgr)
(rcu_bh)
(rcu_sched)
(rdma_cm)
(rhnsd)
(rhsmcertd)
(rngd)
(rpc.gssd)
(rpc.idmapd)
(rpc.mountd)
(rpc.statd)
(rpcbind)
(rpciod)
(rsyslogd)
(scsi_eh_0)
(scsi_eh_1)
(scsi_eh_10)
(scsi_eh_11)
(scsi_eh_12)
(scsi_eh_13)
(scsi_eh_14)
(scsi_eh_2)
(scsi_eh_3)
(scsi_eh_4)
(scsi_eh_5)
(scsi_eh_6)
(scsi_eh_7)
(scsi_eh_8)
(scsi_eh_9)
(scsi_tmf_0)
(scsi_tmf_1)
(scsi_tmf_10)
(scsi_tmf_11)
(scsi_tmf_12)
(scsi_tmf_13)
(scsi_tmf_14)
(scsi_tmf_2)
(scsi_tmf_3)
(scsi_tmf_4)
(scsi_tmf_5)
(scsi_tmf_6)
(scsi_tmf_7)
(scsi_tmf_8)
(scsi_tmf_9)
(sftp-server)
(sftp-server)
(sftp-server)
(sh)
(sleep)
(sleep)
(smartd)
(srp_remove)
(sshd)
(sshd)
(sshd)
(sshd)
(sshd)
(sshd)
(sshd)
(sshd)
(sshd)
(sshd)
(sshd)
(sshd)
(sshd)
(sshd)
(sshd)
(sshd)
(sshd)
(sshd)
(sshd)
(sshd)
(sshd)
(sssd)
(sssd_be)
(sssd_nss)
(sssd_pam)
(sssd_ssh)
(sssd_sudo)
(systemd)
(systemd-journal)
(systemd-logind)
(systemd-udevd)
(target_completi)
(tmr-rd_mcp)
(ttm_swap)
(tuned)
(watchdog/0)
(watchdog/1)
(watchdog/10)
(watchdog/11)
(watchdog/12)
(watchdog/13)
(watchdog/14)
(watchdog/15)
(watchdog/16)
(watchdog/17)
(watchdog/18)
(watchdog/19)
(watchdog/2)
(watchdog/20)
(watchdog/21)
(watchdog/22)
(watchdog/23)
(watchdog/24)
(watchdog/25)
(watchdog/26)
(watchdog/27)
(watchdog/28)
(watchdog/29)
(watchdog/3)
(watchdog/30)
(watchdog/31)
(watchdog/32)
(watchdog/33)
(watchdog/34)
(watchdog/35)
(watchdog/36)
(watchdog/37)
(watchdog/38)
(watchdog/39)
(watchdog/4)
(watchdog/40)
(watchdog/41)
(watchdog/42)
(watchdog/43)
(watchdog/44)
(watchdog/45)
(watchdog/46)
(watchdog/47)
(watchdog/5)
(watchdog/6)
(watchdog/7)
(watchdog/8)
(watchdog/9)
(watchdogd)
(writeback)
(xcopy_wq)
(xfs-buf/dm-0)
(xfs-buf/dm-2)
(xfs-buf/dm-3)
(xfs-buf/dm-4)
(xfs-buf/sda2)
(xfs-buf/sdb1)
(xfs-cil/dm-0)
(xfs-cil/dm-2)
(xfs-cil/dm-3)
(xfs-cil/dm-4)
(xfs-cil/sda2)
(xfs-cil/sdb1)
(xfs-conv/dm-0)
(xfs-conv/dm-2)
(xfs-conv/dm-3)
(xfs-conv/dm-4)
(xfs-conv/sda2)
(xfs-conv/sdb1)
(xfs-data/dm-0)
(xfs-data/dm-2)
(xfs-data/dm-3)
(xfs-data/dm-4)
(xfs-data/sda2)
(xfs-data/sdb1)
(xfs-eofblocks/d)
(xfs-eofblocks/d)
(xfs-eofblocks/d)
(xfs-eofblocks/d)
(xfs-eofblocks/s)
(xfs-eofblocks/s)
(xfs-log/dm-0)
(xfs-log/dm-2)
(xfs-log/dm-3)
(xfs-log/dm-4)
(xfs-log/sda2)
(xfs-log/sdb1)
(xfs-reclaim/dm-)
(xfs-reclaim/dm-)
(xfs-reclaim/dm-)
(xfs-reclaim/dm-)
(xfs-reclaim/sda)
(xfs-reclaim/sdb)
(xfs_mru_cache)
(xfsaild/dm-0)
(xfsaild/dm-2)
(xfsaild/dm-3)
(xfsaild/dm-4)
(xfsaild/sda2)
(xfsaild/sdb1)
(xfsalloc)
(xprtiod)
(xprtrdma_receiv)
