Buonapartes. But I warn you, if you don’t tell me that this means war,
things, but Austria never has wished, and does not wish, for war. She
Pávlovna’s hand and for some reason drawing it downwards. “Arrange
to get himself killed. Tell me what this wretched war is for?” she
she moved toward Anna Pávlovna. Hélène was so lovely that not only
“You are off to the war, Prince?” said Anna Pávlovna.
     * God has given it to me, let him who touches it beware!
more animated. “And believe me, they are reaping the reward of their
through his lorgnette, suddenly turned completely round toward the
Prince Andrew, who had evidently wished to tone down the awkwardness of
his kindly, simple, and modest expression. Anna Pávlovna turned toward
awkwardness or intentionally (no one could have said which) after the
to tell you. There is a war now against Napoleon. If it were a war for
wars,” he said.
“Well, why are you going to the war?” asked Pierre.
wants to go to the war,” replied Pierre, addressing the princess
without wars. How is it that we women don’t want anything of the kind,
so to me? What have I done to you? You are going to the war and have no
he worked went step by step toward his goal. He was free, he had nothing
the enchanted circle I cannot escape from. I am now going to the war,
the greatest war there ever was, and I know nothing and am fit for
lad jumped awkwardly back into the room, tripping over his spurs.
present, suddenly pushed forward with a scared and angry look and wanted
Suddenly Dólokhov made a backward movement with his spine, and his arm
aware of a stir all around. He looked up: Dólokhov was standing on the
still in the drawing room, drew a chair toward him or her, and jauntily
bodice, with black curls tossed backward, thin bare arms, little legs
“But they say that war has been declared,” replied the visitor.
said it, and they all felt awkward.
glass, smiled, and walked toward the other door. Natásha was about to
kept looking round toward the drawing room door. It opened and Nicholas
“All have secrets of their own,” answered Natásha, getting warmer.
dear invalid?” said she, as though unaware of the cold offensive look
never favorably disposed toward him—would have used it to turn the
“How is the count? Can I see him?” asked Pierre, awkwardly as usual,
sake that the latter might say something he would afterwards regret.
extricated himself from an awkward situation and placed another in it,
and warmly pressing his hand looked affectionately over his spectacles
of the war that had been announced in a manifesto, and about the
gained a step on his old comrades of the Cadet Corps; how in wartime
horse—that I’ll warrant,” said Shinshín, patting him on the
hostess look toward the door, and now and then glance at one another,
Pierre had come just at dinnertime and was sitting awkwardly in the
sir, for shame! It would be better if you went to the war.”
These latter the butler thrust mysteriously forward, wrapped in a
The colonel told them that the declaration of war had already appeared
been forwarded by courier to the commander in chief.
heard that the war was being discussed had turned from his partner with
were therefore awkward.
“It’s all about the war,” the count shouted down the table. “You
household. And there in fact was Sónya lying face downward on Nurse’s
raising his soft foot backwards, bowing his perspiring head, smiling
Everyone again looked toward the door, which creaked as the second
she had just vacated. “You have made the place warm, I must say,” he
downwards as was his habit.
rubbing his bald head and angrily pulling back toward him the little
all done casually in a moment of anger, of illness, and was afterwards
“I shall always remember that in this world one must expect no reward,
The doctor cast a rapid glance upwards and silently shrugged his
and wait for her, she went silently toward the door that everyone was
toward the sofa she had indicated. As soon as Anna Mikháylovna had
and drew it downwards as if wishing to ascertain whether it was firmly
right hand, which was lying palm downwards, a wax taper had been thrust
and was crossing himself with his right hand, turning his eyes upward
forward and, stooping over the dying man, beckoned to Lorrain from
downward. When Pierre came up the count was gazing straight at him, but
to turn the count’s heavy body toward the wall.
helplessly and he made a fruitless effort to pull it forward. Whether he
But Anna Mikháylovna went forward a step or two to keep her hold on the
the letter away, and leaning his elbows on the table he drew toward him
sitting noisily backward and forward, made efforts to control himself
as if at times there radiated from them shafts of warm light)—were
All Moscow talks of nothing but war. One of my two brothers is already
intends to expose his precious person to the chances of war. God grant
war has deprived me of one of the associations nearest my heart. I mean
marriageable daughters, and of the young ladies themselves, toward
toward him whom He may give me for husband.
however, for he will leave us again to take part in this unhappy war
war, even here amid fieldwork and the calm of nature—which townsfolk
consider characteristic of the country—rumors of war are heard
“Princess, I must warn you,” she added, lowering her voice and
to warn me of the humor my father is in. I do not allow myself to judge
each other’s arms warmly pressing their lips to whatever place they
turned toward her brother, and through her tears the loving, warm,
“So you are really going to the war, Andrew?” she said sighing.
aware of his weaknesses.
“Ah! here’s the warrior! Wants to vanquish Buonaparte?” said the
of her neutrality and draw her into the war; how part of that army was
     * “Marlborough is going to the wars; God knows when he’ll
him. He stroked her hair and then patted her awkwardly on the back of
And the conversation again turned on the war, on Bonaparte, and the
A B C of war or of politics, and that Bonaparte was an insignificant
that there were no political difficulties in Europe and no real war,
and thoughtfully shaking his head. Did he fear going to the war, or was
grandfather, wore it in all his wars.” (She still did not take out
her head toward the darkness of the open doorway.
Suvórov’s wars. Send it to the Academy. Here are some jottings for
battalion commanders who smilingly pressed forward (it was plain that
forward. “Company commanders!” he shouted in a voice accustomed to
and not in the habit of running, trotted awkwardly stumbling on his
toes toward the general. The captain’s face showed the uneasiness of
shouted the regimental commander, thrusting forward his jaw and pointing
the way he walked through the ranks behind the generals, bending forward
darted forward at every word or gesture of the commander in chief,
friendly words to officers he had known in the Turkish war, sometimes
ran forward on each such occasion, fearing to miss a single word of the
keep from laughter provoked by a swarthy hussar officer who walked
commander started and bent forward, the hussar started and bent forward
officer as in a looking glass—started, moved forward, and answered:
to recollect something. Prince Andrew stepped forward from among the
soldier, with his clear blue eyes, stepped forward from the ranks, went
putting them down. When they’ve been put down, the war with Buonaparte
and, walking backwards before the company, jerked his shoulders and
“She let the hawk fly upward from her wide right sleeve,” went the
“Probably,” said Prince Andrew moving toward the outer door.
advancing straight toward the inner door.
appeared in the doorway. The general with the bandaged head bent forward
lay in the general progress of the war. When he saw Mack and heard the
Excited and irritated by these thoughts Prince Andrew went toward his
Just as Prince Andrew met Nesvítski and Zherkóv, there came toward
“Your excellency,” said he in German, stepping forward and
other, awkwardly, like a child at a dancing lesson.
your doing so; but I warn you that if you dare to play the fool in my
Another hussar also rushed toward the horse, but Bondarénko had already
going toward the door without raising his eyes. Denísov paused, thought
Telyánin, taking up his cap and moving toward a small empty room. “We
eyes still shifted from side to side but with a downward look not rising
“That’s all right. No one thinks you a coward, but that’s not the
Kutúzov fell back toward Vienna, destroying behind him the bridges over
It was a warm, rainy, autumnal day. The wide expanse that opened out
turned toward the women, and while the vehicle was passing at foot pace
at one another, and all pressed toward the exit from the bridge.
did, especially toward evening when he had emptied his second bottle; he
good horse, Bedouin, and sitting as though falling backwards in the
that he was at the front and in the power of a man toward whom he now
could get more rewards by doing nothing on the staff, and had succeeded
for everything, the colonel moved forward and ordered the second
face. “Let him see whether I am a coward!” he thought.
and blue riding breeches, who were swarming near the bridge, and then at
“If I were Tsar I would never go to war,” said Nesvítski, turning
uniforms advanced toward the bridge at a run. Smoke appeared again
“It’s all over; but I am a coward—yes, a coward!” thought
and compelled to act under conditions of war unlike anything that had
To be so sent meant not only a reward but an important step toward
adjutant by his elaborate courtesy appeared to wish to ward off any
joins the Allies, Austria’s hand will be forced and there will be war.
clean shirt on the feather bed with its warmed and fragrant pillows, he
forward beside Schmidt with the bullets merrily whistling all around,
war or politics but related to high society, to certain women, and to
received. A thanksgiving service was arranged, Kutúzov was awarded
the Grand Cross of Maria Theresa, and the whole army received rewards.
he would give an opinion at the war council which would be the only one
the war is over, that the Emperor Francis is arranging a meeting with
‘Dearest foe! Flower of the Austrian army, hero of the Turkish wars!
risen and was going toward his room.
directing the march rode backward and forward between the carts. Their
up, was hastily writing at a tub turned bottom upwards. Kozlóvski’s
Prince Andrew moved toward the door from whence voices were heard.
hand he drew Bagratión toward him, and with his right, on which he wore
“Christ be with you!” Kutúzov repeated and went toward his
advancing by forced marches toward Znaim, which lay sixty-six miles
dried and warmed themselves, cooked their porridge for the first time
medal he can get his reward just as well in the rearguard, but if he
the cold wind, swarmed in these earthworks like a host of white ants;
The farther forward and nearer the enemy he went, the more orderly and
“Now then, go on, go on!” incited the officer, bending forward and
a former war. “The Emperor will teach your Suvara as he has taught the
in the light of the dull autumn evening, mounted men coming toward him.
carriage, moved forward and, not noticing the general, looked out
with a bashful and awkward gesture not at all like a military salute
hitting men and that afterwards someone had shouted “Cavalry!” and
“Forward, with God!” said Bagratión, in a resolute, sonorous voice,
he went forward uneasily over the rough field with the awkward gait of
forward, and experienced great happiness.
command of the infantry went toward his horse with jerky steps, and
you are not aware of the fact...”
of cowardice in the other. Both passed the examination successfully. As
“Fo’ward, with God, lads!” rang out Denísov’s voice. “At a
twot fo’ward!”
forward with unnatural speed but yet stayed on the same spot. From
was warm blood under his arm. “No, I am wounded and the horse is
seeing some men running toward him. “They will help me!” In front
came a man wearing a strange shako and a blue cloak, swarthy, sunburned,
might toward the bushes. He did not now run with the feeling of doubt
The infantry regiments that had been caught unawares in the outskirts
Little Túshin, moving feebly and awkwardly, kept telling his orderly to
ran forward shading his eyes with his small hand to look at the French.
was large and of an old pattern. The French swarming round their guns
the complete darkness Túshin’s guns moved forward, surrounded by the
the other side of the fire, warming his thin yellow body.
fluttering above the fire and remembered a Russian winter at his warm,
above and below him in social standing. Something always drew him toward
which was not clear to him, to question his chief steward, to visit his
Even people who had formerly been spiteful toward him and evidently
From that day the eldest princess quite changed toward Pierre and began
attitude toward him that had taken place in society.
passing it across Hélène’s back. Hélène stooped forward to make
conscious of the warmth of her body, the scent of perfume, and the
help being aware of it, just as we cannot renew an illusion we have once
hand in passing and draw it downwards, or absent-mindedly hold out his
of Sergéy Kuzmích and at the same time his eyes glanced toward his
awkward to attract everyone’s attention and to be considered a
severity changed, and he drew Pierre’s hand downwards, made him sit
be dozing. His head sank forward and then he roused himself.
something large, brilliant, and handsome moving toward her as she
lot? And who would marry Marie for love? Plain and awkward! They’ll
Tsar and the country? It is wartime. Such a fine fellow must serve.
The little princess, like an old war horse that hears the trumpet,
to her and kissed her warmly. Anatole went up to kiss the little
awkward and uncomfortable, and her burden oppressed her now more than
At dinner Anna Mikháylovna talked the whole time about the war news
“Well, I don’t know. It’s awkward and would make me ashamed.”
warrior doing some kind of man’s work of his own, without help or
countess. Her son’s growth toward manhood, at each of its stages,
Borís and Borís was to forward them to Nicholas. The letters were from
swarmed with well-provisioned sutlers and Austrian Jews offering
all sorts of tempting wares. The Pávlograds held feast after feast,
celebrating awards they had received for the campaign, and made
upwards, in the way affected by the Emperor Alexander, and, having
so my conscience was at ease. I came forward....” (Berg stood up and
and being well disposed toward Borís, who had managed to please him the
fellows on the staff who get rewards without doing anything!”
insignificance, aware of being but a drop in that ocean of men, and
Kutúzov’s, collected in groups and began to talk about the awards,
aware of his existence. At the quarters of the commander in chief,
That same day a council of war had been held in which all the members of
to the views of the old generals Kutúzov and Prince Schwartzenberg, it
The council of war was just over when Prince Andrew accompanied
Dolgorúkov, one of the warmest advocates of an attack, had just
at Prince Andrew with cool intensity, walking straight toward him and
battalions and artillery pass by and go forward and then Generals
toward the vanguard. Before he came up with the hussars, several
riding away, say to Czartorýski: “What a terrible thing war is: what
vanguard, rewards were promised, and the men received a double ration of
Toward evening Dolgorúkov came back, went straight to the Tsar, and
everyone adopted toward him the tone of men who know something others do
“But they heard him at the council of war and will hear him when he
so contrary to his method of conducting war? Believe me, he is afraid,
me in war the energy of young men often shows the way better than all
“There will be a council of war at Kutúzov’s tonight, though; you
plans to Kutúzov’s quarters where the council of war was to be
president of the council of war. Weyrother evidently felt himself to be
members of the council of war. They were drinking tea, and only awaited
twisted upwards, sat the ruddy Milorádovich in a military pose, his
elbows turned outwards, his hands on his knees, and his shoulders
hand to his ear toward Weyrother, with the air of a man absorbed in
The council of war, at which Prince Andrew had not been able to
Rostóv, still looking round toward the fires and the shouts, rode with
crossed the road, and began riding up the hill at a gallop toward the
in the evening,” reported Rostóv, stooping forward with his hand at
warm themselves, gathering round the fires throwing into the flames the
resounded. The column moved forward without knowing where and unable,
aware that in front, behind, and on all sides, other Russian columns
the men (the commanders, as we saw at the council of war, were out of
moving toward our left flank, the higher command found that our center
force had already descended into the valley toward the ponds and lakes
direction toward the valley and disappearing one after another into
toward those Pratzen Heights which were being more and more denuded by
standard in hand, I shall go forward and break whatever is in front of
“I am waiting, Your Majesty,” answered Kutúzov, bending forward
The Emperor, frowning slightly, bent his ear forward as if he had not
one of the Ápsheron regiment went forward past the Emperor.
and back, galloped strenuously forward, and with a dashing salute reined
Kutúzov, with his suite diminished by more than half, rode toward a
and Frenchmen running toward it. Higher up stood some Russian infantry,
neither moving forward to protect the battery nor backward with the
“Forward, lads!” he shouted in a voice piercing as a child’s.
the heavy standard, he ran forward with full confidence that the whole
another and soon the whole battalion ran forward shouting “Hurrah!”
their guns, were running toward him. He also saw French infantry
galloping toward him. They were our Uhlans who with disordered
uniforms, mounted on black horses, trotting straight toward him and
more, for immediately afterwards cannon began firing from somewhere and
around them cannon balls were flying, of which he was aware not so
the soldiers’ faces and unnatural warlike solemnity on those of the
long and warmly to the Emperor and how the Emperor, evidently weeping,
The crowd, pushing forward desperately, squeezed together, moved a few
it dashed, some forward and some back, drowning one another.
Toward evening he ceased moaning and became quite still. He did not know
“The praise of a great commander is a soldier’s highest reward,”
Prince Andrew, who had also been brought forward before the Emperor’s
had followed, and only the heavens promised peace. Toward morning
“Denísov! We’re here! He’s asleep,” he added, leaning forward
immediately starting to run along the hall and up the warped steps of
excitement, rushed toward the drawing room door, probably in order to
Natásha, after she had pulled him down toward her and covered his face
looked eagerly toward his eyes, waiting for the look for which she
Rostóv felt that, under the influence of the warm rays of love, that
wearing the Cross of St. George, awarded to soldiers for bravery in
at the Arkhárovs’ ball, talked about the war with Field Marshal
orders to the club steward and to the famous Feoktíst, the club’s
The club cook and the steward listened to the count’s orders with
“Then am I to order those large sterlets?” asked the steward.
steward, and again began giving orders. A light footstep and the
in any case. He has forwarded me a letter from Borís. Thank God, Borís
December, nothing was said about the war and the last battle, as
of the war and without leaders. The Moscovites felt that something was
forward. Of Bolkónski, nothing was said, and only those who knew him
with a hum of conversation, like the hum of bees swarming in springtime.
Bells rang, the stewards rushed forward, and—like rye shaken together
and awkwardly over the parquet floor of the reception room, not knowing
who recognized him and said a few words to him, disjointed and awkward,
“three,” he went quickly forward, missing the trodden path and
toward him and said something.
Pierre, hardly restraining his sobs, began running toward Dólokhov and
“Missed!” shouted Dólokhov, and he lay helplessly, face downwards
steward there, who, bowing respectfully, looked into his face and at
Pierre leaped up from the sofa and rushed staggering toward her.
with a strength he had never before felt, he made a step toward her
was silent with his steward, the gardener, and the architect, and though
“Father! Andrew!”—said the ungraceful, awkward princess with such
“Gone to bed,” replied the voice of Demyán the house steward, who
In the autumn of 1806 everybody had again begun talking of the war with
Napoleon with even greater warmth than the year before. Orders were
Bonaparte was anathematized and in Moscow nothing but the coming war
preparations for war lay in the fact that Nicholas would not hear of
natural to him was very gentle and wary with them both at dinner. On
and again jumping up, dashed so impetuously forward that it seemed as if
Moving the money forward he prepared to deal. Rostóv sat down by his
stint yourself, we’ll settle afterwards,” he added, turning to
well remembered that seven afterwards. He laid down the seven of hearts,
clear upright figures; he emptied the glass of warm champagne that was
Some swarthy men and women were really entering from the cold outside
“Nataly,” he said, moving with rapid steps toward her, “decide my
wares, especially a pair of goatskin slippers. “I have hundreds of
forward toward the old man with a forced and timid smile.
attire appeared at the door. Willarski, stepping toward him, said
wardrobe in which Pierre noticed garments such as he had never seen
taking him by the hand led him forward. The hairs tied in the knot hurt
darkness, the man paused, then moved with cautious steps toward the
breath and beating heart he moved toward the Rhetor (by which name the
backwards and forwards and was at last brought to the doors of the
blood. On seeing this, Pierre moved forward with his breast toward the
he added: “But beware, dear brother, that these gloves do not deck
looking about him uneasily, and an awkward pause followed.
Master, “but those between virtue and vice. Beware of making any
never bear malice or enmity toward thy brother. Be kindly and courteous.
dear boy,” and he drew Pierre’s arm downwards, “it is simply a
Toward the end of 1806, when all the sad details of Napoleon’s
troops had already entered Prussia and our second war with Napoleon
grant rewards, and he was himself often surprised at the rapidity of his
Bending forward in his armchair he said: “Le Roi de Prusse!” and
having said this laughed. Everyone turned toward him.
again, as soon as all turned toward him, excused himself and said no
political news. It became particularly animated toward the end of the
evening when the rewards bestowed by the Emperor were mentioned.
“Pardon me! A snuffbox with the Emperor’s portrait is a reward but
“There are precedents, I may mention Schwarzenberg.”
toward Anna Pávlovna, and Anna Pávlovna, with the same sad smile with
The war was flaming up and nearing the Russian frontier. Everywhere one
war came contradictory news, false as usual and therefore variously
fly upwards. The angel’s upper lip was slightly raised as though
to continue his military service, and when the war recommenced
while Prince Andrew on the contrary, taking no part in the war and
and the rewards sent to the army are innumerable. Though he is a
have certainly acquired a taste for war, and it is just as well for me;
“In short, hoping to settle matters by taking up a warlike attitude,
it turns out that we have landed ourselves in war, and what is more,
in war on our own frontiers, with and for the King of Prussia. We have
post of commander in chief as a reward for his victory, does not give up
catching the curtain of the cot. Each made the other a warning gesture
When he reached Kiev he sent for all his stewards to the head office
the stewards (there were semiliterate foremen among them) listened with
the cleverest among them, including the chief steward, understood from
The chief steward expressed great sympathy with Pierre’s intentions,
chief steward wrote every year telling him of fires and bad harvests,
He discussed estate affairs every day with his chief steward. But
he felt that this did not forward matters at all. He felt that these
them or make them move. On the one hand, the chief steward put the state
steps should be taken to liberate the serfs, which the steward met by
The steward did not say it was quite impossible, but suggested selling
to pretend to the steward that he was attending to it. The steward
The chief steward, who considered the young count’s attempts almost
to be opened. Everywhere he saw the stewards’ accounts, according to
that where the steward had shown him in the accounts that the serfs’
The chief steward, a very stupid but cunning man who saw perfectly
Pierre in his secret soul agreed with the steward that it would be
on what he thought right. The steward promised to do all in his power to
for the future, Pierre’s journeys and occupations, the war, and so
something toward it and you cannot persuade me that it was not a good
from actions which would torment him afterwards.”
Prince Andrew’s life. Though outwardly he continued to live in the
same old way, inwardly he began a new life.
“Andrew, why didn’t you warn me?” said the princess, with mild
all his kindly, simple face disposed her favorably toward him. She
It was evident that Prince Andrew’s ironical tone toward the pilgrims
“All right, all right, you can tell us afterwards,” said Princess
Toward ten o’clock the men servants rushed to the front door, hearing
would come when there would be no more wars. The old prince disputed it
there will be no more war! Old women’s nonsense—old women’s
Denísov called that part of the hut—and it was then so warm that the
his rain-soaked underclothes, said his prayers, drank tea, got warm,
“Let God and our gweat monarch judge me afterwards!” said Denísov
gone. Having got warm in his corner, he fell asleep and did not leave
the hut till toward evening. Denísov had not yet returned. The weather
“I warn you, Captain,” one of the officers, a short thin man,
you’ll step into the officers’ wards you’ll see for yourself,”
Rostóv entered the soldiers’ ward. The foul air, to which he had
lowering his eyes, and he was going out, but became aware of an intense
wards, consisting of three rooms, the doors of which stood open. There
gowns. The first person Rostóv met in the officers’ ward was a thin
still aware of that smell of decomposing flesh that had been so strong
in the soldiers’ ward, and still seeming to see fixed on him those
best simply to petition the Emperor for pardon. They say great rewards
service to Denísov. He knew his stubborn will and straightforward hasty
first—stepped quickly forward to meet Alexander and held out his hand
from having experienced the change of feeling toward Napoleon and the
officer, who thrust his head out of the door, that warlike feeling of
coming toward him with a smile. But Rostóv had noticed his first
look Borís in the face without a sense of awkwardness. Borís, with one
The Emperor said a few words to him and took a step toward his horse.
“To him who has borne himself most bravely in this last war,” added
and took a few hasty steps toward Prince Kozlóvski, the commander of
rushed forward and picked it up.
first soldier in the rank, stepped briskly forward.
had seen the previous evening at Borís’—ran forward and, bowing
that soldier’s breast for the soldier to be forever happy, rewarded,
the cross on Lázarev’s breast and, dropping his hand, turned toward
rewarded and Denísov punished and unpardoned. He caught himself
war on Austria a Russian corps crossed the frontier to co-operate with
he turned on the box toward his master.
must wear warm clothes, which were designed for that purpose. That is
reforms were being pushed forward with the greatest energy. That same
those of higher rank expressed a common feeling of awkwardness, covered
nose. Arakchéev turned his head toward him without looking at him.
Arakchéev’s eyes turned toward him.
of Catherine’s day, turning contemptuously toward Bolkónski.
together with awkward and clumsy gestures possessed such calmness and
emulation in pursuit of commendation and rewards, which recognize it.
perfection toward which he strove, that he readily believed that in
Andrew the feeling he had experienced toward him at their first meeting.
from its original principles. And so toward the end of the year he went
receive a lasting reward for his virtue. But in these great endeavors we
control them without their being aware of it. In a word, we must found a
more and more warmth. It was long since there had been so stormy a
diverting the Brothers from pride, to turn them toward the true path
indifference, and benevolence toward all, which cannot be acquired
but sometimes that smile made Pierre uncomfortable. Toward him Borís
dark chamber. I caught myself harboring a feeling of hatred toward him
Awoke late, read the Scriptures but was apathetic. Afterwards went and
anger, but I did not sufficiently repent. Afterwards Borís Drubetskóy
In the Finnish war he also managed to distinguish himself. He had picked
this, and he received two decorations for the Finnish war also. In
In the family’s feeling toward this wedding a certain awkwardness
round more frequently toward her, and broke off in what he was saying.
awkward about entering on such an explanation. From day to day he
arrange it,” and she rushed forward so that the maids who were tacking
Suddenly everybody stirred, began talking, and pressed forward and then
forgetfulness of all the rules of decorum, pushed forward to the
one must dance.” He stepped forward in the direction Pierre indicated.
the fashion, but who for that very reason appear to be the warmest
that the only possible attitude toward them was one of good humored
salt of mirth, and they were not even aware that such a thing existed.
brand-new uniform, with his hair pomaded and brushed forward over his
of the war with Austria, and unconsciously jumped from the general
and alarmed at the feeling she was aware of in herself. “And could we
labors, hoping to drive away the evil spirit that threatened him. Toward
but inward wrath. He could not comprehend how anyone could wish to
pitying her. Strong as was her inward grief, this wound to her vanity
remembered long afterwards. Nor did she cry when he was gone; but
cost her no effort to forgive him. Could he be to blame toward her, or
But afterwards, when she saw her father and especially little Koko
with stewards, quarrels, and intrigues, its ties, society, and with
where the steward’s high bedstead stood with its patchwork quilt.
were carried forward—and you did not look at the other page.”
mismanaged his wife’s property and was to blame toward his children,
forward from page to page,” he thought. “I used to understand what
a ‘corner’ and the stakes at cards meant, but carrying forward to
sharp, but toward evening the sky became overcast and it began to thaw.
and, rushing headlong toward the porch with lifted tail, began rubbing
seemed to descend evenly and imperceptibly toward the earth, the air
was still, warm, and silent. Occasionally the whistle of a huntsman,
giving tongue. He bent down his head and listened, shaking a warning
was pushing forward out of the wood. The count started and dropped the
toward the count.
The wolf paused, turned its heavy forehead toward the dogs awkwardly,
the field toward the very spot where the wolf had disappeared. The hazel
dark with sweat. On its long back sat Daniel, hunched forward, capless,
war, I am always unlucky.” Memories of Austerlitz and of Dólokhov
Again he looked to the right and saw something running toward him across
The height of happiness was reached—and so simply, without warning, or
in doubt for over a second. The wolf ran forward and jumped heavily over
toward Rostóv, she paused.
“Back or forward? Eh, no matter, forward...” the wolf seemed to say
to herself, and she moved forward without again looking round and with a
The reddish Lyubím rushed forward from behind Mílka, sprang
teeth, and again rose and bounded forward, followed at the distance of a
coming toward him, he saw hounds and a huntsman galloping almost
paces of it. As if aware of her danger, the wolf turned her eyes on
forward. Karáy, his hair bristling, and probably bruised or wounded,
dismount each moment that the wolf crouched back, and starting forward
again every time she shook herself and moved toward the wood where she
toward the wood, just as Karáy had run to cut the animal off. As
toward the ryefield and away from Nicholas.
the bushes came the huntsman who had been fighting and rode toward
but he probably was not even aware of it.
rode in angry agitation toward him, firmly grasping his whip and fully
a beaver cap came riding toward him on a handsome raven-black horse,
himself and which, he said, swarmed with hares. Nicholas agreed, and the
toward the hare.
“How is it pointing?” asked Nicholas, riding a hundred paces toward
Toward evening Ilágin took leave of Nicholas, who found that they were
nuts (raw and roasted), and nut-and-honey sweets. Afterwards she brought
Natásha threw off the shawl from her shoulders, ran forward to face
Natásha up warmly and took leave of her with quite a new tenderness. He
reopened in the warm climate, which obliged him to defer his return till
the buffoon, who was coming toward her in a woman’s jacket.
afterwards and wanted to comfort you, but do you know, I felt ashamed
while giving orders to the steward, and at last stopped, while Mítenka
The old count’s troyka, with Dimmler and his party, started forward,
toward Nicholas came the crunching, whistling sound of Sónya’s feet
tousled hair and a happy smile new to Sónya. She ran rapidly toward
was always conscious of his own guilt toward him for having wasted the
account of the hostile tone the countess could not help adopting toward
home, warm and dirty as in an old dressing gown.
acute attacks was driven inwards and never left him for a moment.
warned him that with his corpulence wine was dangerous for him, he
warmth in his body, an amiability toward all his fellows, and a
Sometimes he remembered how he had heard that soldiers in war when
rolled downwards.
nephew, General Chatróv an old war comrade of the prince’s, and
“Eh? Yes, I heard something: he said something awkward in His
impending war.
He said that our wars with Bonaparte would be disastrous so long as we
toward her. She did not even notice the special attentions and
the princess’ part toward her future sister-in-law and a wish that
without knowing why, felt awkward about paying court to her. When they
toward her.
The count had devised this diplomatic ruse (as he afterwards told his
well aware that he was attracting everyone’s attention, yet as much at
the whole place and the warm air heated by the crowd, Natásha little
hand on the edge of her box, nodded to her, and leaning forward asked a
question, with a motion toward Natásha.
and, hastily passing between the rows, came toward their box. When he
During this act every time Natásha looked toward the stalls she saw
Natásha turned her pretty little head toward the elegant young officer
During one of these moments of awkward silence when Anatole’s
risen and was moving through the crowd toward the actress.
toward the door.
every glance directed toward her, and tried to appear the same as usual.
ill-disposed toward you. He is an invalid and an old man who must be
if she had been to blame toward her, but that she could not be his
Sónya did not succumb to the tender tone Natásha used toward her.
On entering the room now he crossed himself, turning toward the front
then so, do you see?” and he pushed Anatole’s head forward to meet the
through the rooms a long time considering what she should do. Toward
She put her large hand under Natásha’s face and turned it toward her.
calm, indifferent crowd of people unaware of what was going on in his
She stopped, seeing in the forward thrust of her husband’s head, in his
follow Pierre. Pierre, taking him by the arm, pulled him toward himself
“Have you any letters of hers? Any letters?” he said, moving toward
sighed, looking toward the door of the room where Prince Andrew was,
his father and Prince Meshchérski, warmly disputing and vigorously
tutor, Prince Andrew again joined warmly in the conversation about
they would have been made public,” he said with warmth and haste. “I do
At dinner the talk turned on the war, the approach of which was becoming
west eastwards to the Russian frontier, toward which since 1811 Russian
forces of Western Europe crossed the Russian frontier and war began,
the duchy to the Duke of Oldenburg”—and there would have been no war.
It naturally seemed to Napoleon that the war was caused by England’s
seemed to members of the English Parliament that the cause of the war
war was the violence done to him; to businessmen that the cause of the
war was the Continental System which was ruining Europe; to the generals
and old soldiers that the chief reason for the war was the necessity of
from Napoleon, and from the awkward wording of Memorandum No. 178. It
been so many less men in Napoleon’s army and the war could not have
have been no war; but had all his sergeants objected to serving a second
term then also there could have been no war. Nor could there have been
a war had there been no English intrigues and no Duke of Oldenburg, and
The people of the west moved eastwards to slay their fellow men, and
co-ordinated to produce that movement and war: reproaches for the
French Emperor’s love and habit of war coinciding with his people’s
Monsieur mon frère, and sincerely assured him that he did not want war
manes. They tried to make their way forward to the opposite bank and,
war that everyone expected and to prepare for which the Emperor had come
waiting—prepare for the war. All the efforts of those who surrounded the
and forget that war was impending.
aide-de-camp, had subscribed a large sum toward the expenses. Borís
of old acquaintances and at the same time, unaware of it himself and
his red nose, stepped forward from the crowd as if expecting the Emperor
moving toward the door. Borís, fluttering as if he had not had time to
“To enter Russia without declaring war! I will not make peace as long as
Your Majesty has considered yourself to be in a state of war with me
Majesty to preserve humanity from the calamity of another war.
of horsemen coming toward them. In front of the group, on a black horse
mantle, and stretched his long legs forward in French fashion. This man
rode toward Balashëv at a gallop, his plumes flowing and his gems and
toward him with a theatrically solemn countenance, when Julner, the
“Well, General, it all looks like war,” as if regretting a circumstance
desire war and as Your Majesty sees...” said Balashëv, using the words
war.
wish the Emperors may arrange the affair between them, and that the war
coward like Arakchéev, he was as precise, as cruel, and as unable to
“I do not, and did not, desire war,” he continued, “but it has been
sufficient cause for war; that Kurákin had acted on his own initiative
desire war, and had no relations with England.
such conditions. You say I have begun this war! But who first joined his
They are neither fit for war nor peace! Barclay is said to be the
the war. Napoleon nodded condescendingly, as if to say, “I know it’s
rushed forward and descended the staircase.
backwardness of a people,” said Napoleon, turning to Caulaincourt for
and the war began....
city. Pierre had warned his brother-in-law that Prince Andrew was on
always well disposed toward him, and Kutúzov suggested that he should
In the year 1812, when news of the war with Napoleon reached
feel awkward. Involuntarily feeling this at dinner on the first day, he
when you are going to this terrible war, and he is so old? Mademoiselle
invasion of the Russian provinces, and no one thought the war would
a gigantic war, and he was glad to be free for a while from the
war the most deeply considered plans have no significance and that all
of the war. With Pfuel was Wolzogen, who expressed Pfuel’s thoughts in
who believed in a science of war with immutable laws—laws of oblique
laws defined by a pseudo-theory of war, and they saw only barbarism,
have some generally say. They said that undoubtedly war, particularly
opponents and practical men of experience in warfare had to say, and
Tolly, not so much as a man but as minister of war and commander in
for war cannot be conducted successfully without unity of command, and
peace nor war, neither an advance nor a defensive camp at the Drissa
obscurity to the common task. Whatever question arose, a swarm of these
a warlike spirit in the people of the capital—that the Emperor should
view of the impending difficulties. It was not a council of war, but,
around, as if afraid of everything in that large apartment. Awkwardly
war had terminated so fortunately. Pfuel barely glanced—not so much at
fine tactical war”; and, laughing contemptuously, went on into the room
movements deduced by him from the history of Frederick the Great’s wars,
and all he came across in the history of more recent warfare seemed to
were committed by both sides that these wars could not be called wars,
proof of the fallibility of his theory in the disasters of that war. On
war, with the air of a man who knows beforehand that all will go wrong,
him with particular warmth and the Emperor, with his head bent to the
left, was listening with a dissatisfied air. The Emperor moved forward
present. What had happened was that news (which afterwards proved to be
what character the war would take. Some disputed his arguments, others
more warmly than anyone else, and in the course of the dispute drew from
at the council of war in 1805: there was now a panic fear of Napoleon’s
idea that there is not and cannot be any science of war, and that
force of this or that detachment. Sometimes—when there is not a coward
the war is over, if I am still alive and still loved by you, I will
and when the regiment was put on war footing with an increase in
of a war, and Rostóv, conscious of his advantageous position in the
that, he had experience enough to know that nothing happens in war at
Rostóv riding in front gave the order “Forward!” and the hussars, with
himself with cowardice, he had not been able to do this, but with time
heard ahead. “Forward by the left. Walk, march!” came the order from in
and trotted downhill toward the French cavalry which was seen below to
deployed squadron, rode at full trot downhill toward the dragoons.
back with their prisoners. Rostóv galloped back with the rest, aware of
discipline. Ostermann’s flattering words and promise of a reward should
to give by the clock, the warm drinks, the chicken cutlets, and all the
noticed embarrassment and awkwardness on his part in her presence,
which she imagined must be the same toward everyone as it was to her.
At the beginning of July more and more disquieting reports about the war
When they prayed for the warriors, she thought of her brother and
Sónya, realizing for the first time how wrongly she had acted toward
“Commit ourselves to God,” Natásha inwardly repeated. “Lord God, I
mindful of his uprightness and meekness, reward him according to his
they be before the faces of Thy faithful warriors as dust before the
from the seat of war and Natásha’s health began to improve and she
one of them, in the lists of killed, wounded, and rewarded, the name of
Nicholas Rostóv, awarded a St. George’s Cross of the Fourth Class for
since the beginning of the war.
peace and the abolition of war, and secondly, by the fact that when he
eagerly forward to help him off with his cloak and take his hat and
toward me? What do you think? What do you think?”
“Oh yes, the war,” he said. “No! What sort of warrior should I make? And
“Come, come!” said he. “Here’s a fine warrior! No! Nonsense! You must
ever-increasing crowds moving toward the Krémlin, the less he remembered
was so pressed to the wall by people who probably were unaware of the
time in the gateway, Pétya tried to move forward in front of the others
carrying Pétya with it, streamed forward into the Krémlin Square which
and everyone rushed forward in one direction. Pétya was being pressed so
forward.
ferociously, pushed forward, elbowing his way and shouting “hurrah!” as
forward and everybody shouted “hurrah!”
to struggle desperately forward, and from between the backs of those
chanter—was holding him under the arm with one hand while warding off
crowd turned toward him and pressed round him. Those who stood nearest
impetuously toward the embankment to watch the firing. Pétya too would
toward the balcony.
a jerkin, who stood nearest, sprang forward and snatched it up. Several
must not give way. He sprang forward and upset an old woman who was
provinces... and so on; but as soon as the war was touched on, or
Pierre wanted to speak himself. He pushed forward, feeling stirred,
into the deliberations of the nobility. Pierre stepped forward and
we can assist our Fatherland! I imagine,” he went on, warming to his
a boston player who had always been well disposed toward him, Stepán
acting: there is war in Russia! The enemy is advancing to destroy
without some groans gave orders to their stewards about the enrollment,
Napoleon began the war with Russia because he could not resist going
innumerable people who took part in the war acted in accord with their
a winter campaign and, on the other, the character given to the war
us that from the commencement of the campaign a Scythian war plan was
Conjectures as to Napoleon’s awareness of the danger of extending his
contradiction to such conjectures. During the whole period of the war
to extend his line, but he welcomed every step forward as a triumph and
At the very beginning of the war our armies were divided, and our sole
the war and had no perception whatever of the inevitable, or of the one
general to a patriotic war. And by this visit of the Emperor to Moscow
enfeebled. Bennigsen, the Tsarévich, and a swarm of adjutants general
The swarm of Bronnítskis and Wintzingerodes and their like still further
Of the war Princess Mary thought as women do think about wars. She
understand the significance of this war, which seemed to her like all
previous wars. She did not realize the significance of this war, though
unshakable. We pass the time as we can, but in war as in war! The
this war was that the old prince never spoke of it, did not recognize
as to the further progress of the war. In this letter Prince Andrew
the theater of war and on the army’s direct line of march, and advised
“He writes about this war,” said the prince, with the ironic smile that
had become habitual to him in speaking of the present war.
“Very possibly the theater of war will move so near to us that...”
“Ha ha ha! The theater of war!” said the prince. “I have said and still
say that the theater of war is Poland and the enemy will never get
before he felt the bed rocking backwards and forwards beneath him as if
think of us!” cried his wife, referring to the rumors of war and the
Having baited the horses twice on the way, he arrived at the town toward
door of the Governor’s room opened and they all rose and moved forward.
addressed to him. Alpátych moved forward and next time the official came
warrior in our valiant ranks has perished. From this you will see that
He went out into the street: two men were running past toward the
downwards like a little bird; a flame flashed in the middle of the
Toward dusk the cannonade began to subside. Alpátych left the cellar
rushing backwards and forwards near it, and he saw two of them and a
floated across the sky and occasionally veiled the sun, but toward
A group of bareheaded peasants was approaching across the meadow toward
thousand, that’s war! But the enemy has lost masses....
a coward, dense, dilatory, and has all bad qualities. The whole army
army corps. The progress of the war was eagerly followed, and only
enemy and of the war were contradicted and all Napoleon’s attempts at
Empress. In Hélène’s circle the war in general was regarded as a series
the war at Anna Pávlovna’s severely condemned Barclay de Tolly, but was
the progress of the war. This committee came to the conclusion that
members of the committee were aware of the Emperor’s dislike of Kutúzov,
Kutúzov: ‘Your Emperor and the Fatherland award you this honor.’”
“Oh, no, no!” warmly rejoined Prince Vasíli, who would not now yield
reward him if he does right.”
of it. How much more complex than this is the game of war, which
incidents of the war,” says Thiers, narrating this episode. In
warned her not to dare to let him see her. The fact that he did not, as
toward her, and in their midst several men were supporting by
would be ordered. But she drove these thoughts away with disgust. Toward
It was a warm, gray morning. Princess Mary stopped at the porch, still
He himself seemed aware that his demand was meaningless. So at least it
prince again began speaking about his son, about the war, and about the
at Boguchárovo and did not wish to leave it—coming toward her with a
avoid seeing the girl she ran toward the house.
as if of its own accord. Toward night candles were burning round his
there would be no restrictions. Rumors of the war with Bonaparte and
a movement among the peasants to emigrate to some unknown “warm rivers.”
selling their cattle and moving in whole families toward the southeast.
by one or ran away, and drove or walked toward the “warm rivers.” Many
Soon after the migration to the “warm rivers,” in which he had taken
master. The masters, both the old prince and the young, and the steward
twenty years in vain. He was a model steward, possessing in the highest
The windows of the room in which she was lying looked westward. She
But she remembered too how he had changed of late toward Mademoiselle
my place,” she thought as she went out in the twilight toward the crowd
that the war has ruined you. That is our common misfortune, and I
her look. She felt strange and awkward.
After sunset the wind had dropped. The night was calm and fresh. Toward
Tíkhon, speaking of the Crimea and its warm nights and of the Empress.
her old nurse and the maidservants who came running toward her.
man in a white hat were seen coming toward the officers.
running resolutely toward him.
And bowing respectfully, as if to a lady of royal blood, he moved toward
forward. Alpátych, mastering his offended feelings, kept pace with
resolute steps toward the crowd. And the nearer he drew to it the more
fine weather. A short, swarthy lieutenant colonel of hussars with thick
and after a short pause added: “Yes, it’s Scythian warfare. It’s all
that’s certain! There’s only one way—guewilla warfare!”
war. He evidently listened only because he had ears which, though there
moved toward the door with a more cheerful expression.
Taking his hand and drawing him downwards, Kutúzov offered his cheek to
war and the peace that had been concluded. “Yes, I have been much
blamed,” he said, “both for that war and the peace... but everything
made peace with Turkey and should not have been through with that war.
believe me,” he went on, growing warmer and beating his chest, “I’ll
dwarfs and one peasant woman will toss three of them with a hayfork.”
sarcastic glance toward the militia officer.
in the bantering tone he habitually adopted toward her, always feeling
Next day toward evening the princess set off, and Pierre’s head steward
general the head steward made out to Pierre that his project of raising
were everywhere. Pierre pushed forward as fast as he could, and the
twenty thousand; afterwards little more than fifty thousand against a
historians themselves tell us that from Smolénsk onwards he wished
its singers. Coming up toward him was a train of carts carrying men who
driving toward Pierre in a covered gig, sitting beside a young surgeon,
But the doctor interrupted him and moved toward his gig.
Pierre drove on toward Górki.
and perspiring necks, and their shirts opening from the left toward
soldiers, and militiamen began running forward along the road.
Soldiers and militiamen ran bareheaded past Pierre toward the
flee as to an inviolable bulwark and protection,” there again kindled in
Bennigsen. In any case many great rewards would have to be given for
toward Kutúzov’s bench. But a militiaman got there before him. It was
This was the redoubt, as yet unnamed, which afterwards became known as
the troops forward according to his own ideas without mentioning the
“Oh yes, and what do the Masonic brothers say about war? How would they
straightforward. Now we see light....”
away and attend to your father with your own unpracticed, awkward hands,
be that afterwards, ashamed of their false accusations, they will make
“And yet they say that war is like a game of chess?” he remarked.
in war a battalion is sometimes stronger than a division and sometimes
     * “The war must be extended widely. I cannot sufficiently
understood the whole meaning and importance of this war and of the
quite change the whole war and make it less cruel. As it is we have
played at war—that’s what’s vile! We play at magnanimity and all that
calf served up with sauce. They talk to us of the rules of war, of
father, and then talk of rules of war and magnanimity to foes! Take no
“If there was none of this magnanimity in war, we should go to war only
not be war because Paul Ivánovich had offended Michael Ivánovich. And
when there was a war, like this one, it would be war! And then the
life; and we ought to understand that and not play at war. We ought to
that: get rid of falsehood and let war be war and not a game. As it is
now, war is the favorite pastime of the idle and frivolous. The military
“But what is war? What is needed for success in warfare? What are the
habits of the military? The aim of war is murder; the methods of war
highest rewards.
which he had not till then been aware).
tenderness. His eyes grew dim, he moved forward, glanced round at a
howitzers of Dessaix’s and Friant’s divisions, will move forward, open
forward.
it had to reform under grapeshot, of which Napoleon was unaware.
Peter I, or that the French Empire was formed and the war with Russia
rose, walked to and fro, put on a warm overcoat and a hat, and went
same feelings. All their faces were now shining with that latent warmth
Pierre rode up to them. Without being aware of it he had come to the
before, a soldier was lying athwart the rows of scented hay, with his
head thrown awkwardly back and his shako off.
which had been moved forward and was in action, deafening them with the
The knoll to which Pierre ascended was that famous one afterwards known
humorist, showing his teeth chaffing Pierre. “Awkward baggage!” he added
moved forward.
backwards and kept glancing uneasily around.
“Hurrah!” were running not forwards but backwards, it seemed to Pierre.
Suddenly a terrible concussion threw him backwards to the ground. At the
struggling forward shouting “Brothers!” and trying to free himself from
stumbling, tripping up, and shouting, ran merrily and wildly toward
done!” he thought, aimlessly going toward a crowd of stretcher bearers
unexpectedly before them, sometimes rushed back and sometimes forward,
safety lies in running back, sometimes in running forward; and these men
of the moment. In reality, however, all these movements forward and
backward did not improve or alter the position of the troops. All
was galloping toward the knoll on a lathering horse. It was Belliard.
the Young Guards stationed behind the knoll moved forward. Napoleon
him experienced in the art of war. All their faces looked dejected, and
But Napoleon with his long experience of war well knew the meaning of
He mounted and rode toward Semënovsk.
Toward three o’clock the French attacks ceased. On the faces of all
had said, “the war should be extended widely,” and whom Bagratión so
the army,” and which constitutes the sinew of war, Kutúzov’s words, his
fire. Toward two o’clock the regiment, having already lost more than
two hundred men, was moved forward into a trampled oatfield in the gap
some of our infantry were seen to move forward, words of approval
“Ooh, ooh, ooh!” grunted the Tartar, and suddenly lifting up his swarthy
The Russian war should have been the most popular war of modern times:
it was a war of good sense, for real interests, for the tranquillity and
It was a war for a great cause, the end of uncertainties and the
her frontiers immutable; all future wars purely defensive, all
of the Russian war, “half were Austrians, Prussians, Saxons, Poles,
He imagined that the war with Russia came about by his will, and the
exhausted and hungry, went forward led by their officers. Others held
But though toward the end of the battle the men felt all the horror of
still able to roll forward to Moscow, but there, without further effort
conquerors appear there have been wars, but this does not prove that the
conquerors caused the wars and that it is possible to find the laws of
a war in the personal activity of a single man. Whenever I look at my
in this way toward an understanding of the laws of history; but it is
upon the Russians, carried forward by the force of its own momentum now
rewards comes to complain, and the inhabitants of the district pray to
all felt that this was really a council of war. The conversations all
Bennigsen, who had chosen the position, warmly displayed his Russian
which he was accustomed (the honours awarded to Prince Prozoróvski,
Raévski, twitching forward the black hair on his temples as was his
draw toward the table, but not near enough for the candles that had been
forward.) “Such a question cannot be put; it is senseless! The question
backwards down from the oven, her bare little feet catching at its
“It is disgraceful to run away from danger; only cowards are running
to be called cowards, ashamed to leave, but still they left, knowing
concealment, or tried to extricate herself from her awkward position
sacrifices herself for you, she suffers, and this is her reward! What
Frenchman laid his hands on her head and, as she herself afterward
aside, drawing her hand downward. “I have heard of certain projects
“You are not taking me unawares, you know,” said he. “As a true friend,
Toward the end of the battle of Borodinó, Pierre, having run down
toward him with a terrific whizz, and then he shuddered and sat up. He
“Good-by!” he said and turned with his groom toward the inn.
Afterwards when he recalled those thoughts Pierre was convinced that
“To endure war is the most difficult subordination of man’s freedom to
them!” he repeated to himself with inward rapture, feeling that these
the troops moving toward him and has taken up a strong position where
“Ah, how do you do, great warrior?” said Rostopchín as soon as the short
informed, my friend, but I am aware that there are Masons and I hope
of his battalion, his steward, his major-domo, and various petitioners.
with terror. The thought that both her sons were at the war, had both
Pétya adored her. Above all, they were gay because there was a war near
Natásha moved a few steps forward and stopped shyly, still holding her
of Kiev ware. “These—yes, these must go among the carpets,” she said,
as not to wake the countess who had fallen asleep only toward morning,
But at the same moment an expression of warm gratitude on the officer’s
moving toward the porch.
“Altogether such heroism as was displayed by the Russian warriors
“when the steward, a man I know, ran out and asked me whether I wouldn’t
“We can take four more men,” said the steward. “They can have my trap,
“Let them have my wardrobe cart,” said the countess. “Dunyásha can go
They unloaded the wardrobe cart and sent it to take wounded men from a
carriage window and looked back and then forward at the long train of
his first impulse stepped instantly and rapidly toward the coach. But
Pierre took her outstretched hand and kissed it awkwardly as he walked
as soon as Pierre turned toward him he wrapped his dressing gown around
overcame them. They all rushed forward to the bridge, onto it, and
are warm, and when in those dark warm nights, golden stars startle and
“Here she is, the reward for all those fainthearted men,” he reflected,
and do not, desire war, that I have waged war only against the false
I do not wish to utilize the fortunes of war to humiliate an honored
monarch. ‘Boyars,’ I will say to them, ‘I do not desire war, I desire
adopt toward Moscow. In his imagination he appointed days for assemblies
The position was the more awkward because the Emperor, meditating upon
of the former spirituous fragrant smell of honey and venom, and the warm
keeping the brood warm, he sees the skillful complex structures of the
and butterflies knock awkwardly against the walls of the hive in their
bees. They have almost all died unawares, sitting in the sanctuary they
moving about, following their old habits and hardly aware of what they
were now moving forward.
almost at a trot through the deserted streets toward the Yaúza bridge to
keeper, fell face downward on the pavement.
the crowd, and the people rushed toward the reader.
because he had not been invited to attend the council of war, and
took him unawares and he suddenly felt the ground slip away from under
directed toward arousing in the masses his own feeling of patriotic
Toward nine o’clock in the morning, when the troops were already moving
administrator finds the chief reward of his labor and efforts. While the
eagerly from the balcony toward the porch. Rostopchín, coming out there
all pressing toward the one spot, could sighs, groans, and the shuffling
the crowd moaned and heaved forward, but again paused.
his head with his hands, rushed toward the crowd. The tall youth,
especially at the one running toward them.
Toward four o’clock in the afternoon Murat’s troops were entering
ordered four light guns to be moved forward to fire at the gates.
an officer and men began to run toward it. A general who was standing
toward the Známenka.
Morel will warm us up another little bottle. Morel!” he called out
Afterwards when he had received a name and wealth he dared not think of
night was warm and light. To the left of the house on the Pokróvka a
still in terror. But an irresistible impulse drew her forward. She
glittering eyes rapturously turned toward her, and especially his neck,
The first night after they left Moscow had been fairly warm and he had
smoothly brushed forward over his temples, with expressionless face was
which swarmed a crowd of Frenchmen. At first Pierre did not realize
threateningly toward him.
almond-shaped eyes at the ground before her. Evidently she was aware
the boots and drawing his sword, moved threateningly toward Pierre.
started she moved forward.
veil from the secret of the countess’ malady, an unwary young man
awkward silence that ensued, that insufficiently patriotic person
mentioned. Moreover, toward evening, as if everything conspired to make
he used afterwards to say), and gave expression to his own feelings and
As the war had caught him in the service, Nicholas Rostóv took a close
necessary money and warrants, and having sent some hussars on in
continuously in an atmosphere of campaigning and war—can understand the
was, as it were, a war trophy. Nicholas felt this, it seemed to him
involuntarily yielded to Nicholas’ good humor. Toward the end of the
Nicholas sat leaning slightly forward in an armchair, bending closely
his friend) to this woman who was almost a stranger. When he afterwards
understand that she could be outwardly so calm and natural.
time all that pure, spiritual, inward travail through which she had
lived appeared on the surface. All her inward labor, her dissatisfaction
war, and like everyone else unconsciously exaggerated their sorrow
indefinite feeling of shame and awkwardness. The conversations he heard
whole reward for her self-sacrifice and the whole meaning of her life.
In their attitude toward him could still be felt both uncertainty as
at one another, and that look saved Pierre. Apart from conditions of war
Pierre could not afterwards remember how he went, whether it was far, or
“Sharpshooters of the 86th, forward!” shouted someone. The fifth
eight muskets; but try as he would Pierre could not afterwards remember
untied the ropes. The body collapsed. The soldiers dragged it awkwardly
forward and back to save himself from falling. An old, noncommissioned
Toward evening a noncommissioned officer entered with two soldiers and
the prisoners of war. Without understanding what was said to him, Pierre
was first made aware by a strong smell of perspiration which came from
pity the animals too. Eh, the rascal! Now you’ve curled up and got warm,
When Pierre remembered them afterwards they all seemed misty figures to
the same way toward Karatáev.
feeling that arose in her toward the girl, she kissed her. But she felt
In the deep gaze that seemed to look not outwards but inwards there
afterwards acquired, he could not have had a better or more profound
stood behind the door. But just when he was clumsily creeping toward
this so strongly that the outward and terrible side of death did not
important episode of the war of 1812 was the movement of the Russian
course and, not finding itself pursued, was naturally drawn toward the
have done anything but make a return movement toward Moscow, describing
of the war, which all these men believed they were directing; but this
affair of the war went on independently of them, as it had to go:
experienced my readiness to reward you. That readiness will not weaken
Ermólov came forward with a frown on his face and, hearing what the
Toward dawn, Count Orlóv-Denísov, who had dozed off, was awakened by a
crossed themselves.... “Forward, with God’s aid!”
of a sack, dashed gaily across the brook toward the camp.
backward movement. Adjutants and generals galloped about, shouted, grew
vent to a little abuse, and at last gave it all up and went forward,
forewarned, takes measures accordingly.”
find their wars and battles carried out in accordance with previously
northerly or more southerly route (say by the road Kutúzov afterwards
to recognize his genius as the only explanation of the war carried on
commissaries or captains of wards have been appointed to the different
wards of the city. You will recognize them by the white ribbon they will
reviews were constantly held and rewards distributed. The Emperor
toward fulfilling Napoleon’s wish that it should be blown up when he
“The neighborhood of my ward continues to be pillaged by soldiers of
horror-struck. And yet with his experience of war he did not order all
hearing a rustle, rushes straight at the hunter’s gun, runs forward and
frightened the beast, and it rushed forward onto the hunter’s gun,
Karatáev’s advice he tied with string round the ankles for warmth, and
In the sunshine the air was warm, and that warmth was particularly
Karatáev, on account of the warm weather and for convenience at work,
not now occur to him to think of Russia, or the war, or politics, or
warmth when he was cold, of talking to a fellow man when he wished to
crows flying from Moscow across the field, and when afterwards light
his way forward and approached that very captain who as the corporal had
mistaken in his identification of the different wards of Moscow.
forward, halted, and again moved on, and from all sides vehicles and men
Transmoskvá ward and the Kalúga road converge, and the prisoners jammed
bore all the prisoners forward onto the road, and Pierre, thanks to
All these people and horses seemed driven forward by some invisible
soldiers ran toward the cart from different sides: some beat the
position was most difficult all through the Russo-French wars from
a written report. Toward midnight Bolkhovítinov, having received the
It was a warm, dark, autumn night. It had been raining for four days.
regarded the whole business of the war not with his intelligence or his
Patience and time are my warriors, my champions,” thought Kutúzov. He
the reading of novels, the distribution of awards, his correspondence
Kutúzov’s activity was directed toward restraining his troops, by
was Smolénsk, toward which all their desires and hopes, enormously
and unheard-of rapidity toward the goal they had fixed on. Besides the
in their conflicts with one another is expressed in wars, and that as a
direct result of greater or less success in war the political strength
and so it is to our own day. All Napoleon’s wars serve to confirm this
all known wars.
After the burning of Smolénsk a war began which did not follow any
previous traditions of war. The burning of towns and villages, the
transports, and the guerrilla war were all departures from the rules.
the Emperor Alexander that the war was being carried on contrary to all
thrust en prime, and so on—the cudgel of the people’s war was lifted
laws of war is the action of scattered groups against men pressed
together in a mass. Such action always occurs in wars that take on a
People have called this kind of war “guerrilla warfare” and assume that
by so calling it they have explained its meaning. But such a war does
Guerrilla war (always successful, as history shows) directly infringes
the “heroes”) of the efficacy of the directions issued in wartime by
campaigns, periods of war) into such equations, a series of numbers
strength of an army depends on its spirit. To lead men forward under
fall in the spirit of the troops occurs, as in all national wars.
The so-called partisan war began with the entry of the French into
Before partisan warfare had been officially recognized by the
step toward regularizing this method of warfare.
the French were fleeing toward Smolénsk, there were hundreds of such
The partisan warfare flamed up most fiercely in the latter days of
of October this kind of warfare had taken definite shape: it had become
It was a warm rainy autumn day. The sky and the horizon were both
the road. The men sat huddled up trying not to stir, so as to warm the
from under our noses,” thought Denísov, continually peering forward,
downward slope, lay a field of spring rye. To the right, beyond a steep
for partisan warfare. At night he would go out for booty and always
don’t want a reward.... But I want...”
“He is warming himself there by the bonfire. Ho, Vesénya!
prisoners, Pétya had once more felt awkward and restless; but again he
and Dólokhov saw through the gloom that Pétya was bending toward him and
The Cossack bent forward from under the wagon to get a closer look at
they’re sorry for it afterwards. I don’t like that.”
Likhachëv got up, rummaged in his pack, and soon Pétya heard the warlike
forward. “It’s in my ears. But perhaps it’s music of my own. Well, go
yourself forward anywhere.”
of horses galloping forward was heard, shouts came from various sides,
horse and loosening his rein galloped forward, not heeding Denísov who
excited horse he galloped forward along the village street.
Cossacks, while others ran down the hill toward the pond. Pétya was
who was riding toward him.
trembling hands turned toward himself the bloodstained, mud-bespattered
From Vyázma onwards the French army, which had till then moved in three
headlong, crushing one another, but had afterwards reassembled and
while the other was warming; and that when he had put on tight dancing
it was always warm walking in the daytime, and at night there were the
campfires; the lice that devoured him warmed his body.) The one thing
everybody got up he went along, limping, and, when he had warmed up,
merchant free and give him a compensation that had been awarded. The
When the prisoners again went forward Pierre looked round. Karatáev
reckoning the Guards (who did nothing during the whole war but pillage)
which Kutúzov afterwards pursued him—this unnecessary retreat along
special animals called “heroes.” And Napoleon, escaping home in a warm
last period of the war of 1812 an aim that never existed, namely that of
began has a war been fought under such conditions as those that obtained
because other Russians, sitting in warm rooms, proposed that they should
surmises and the rewards this or that general received; but the question
attained by the guerrilla warfare which was destroying the French, and
One day toward the end of December Natásha, pale and thin, dressed in a
And I said it so awkwardly and stupidly! I did not say what I meant.
strained frown she peered toward the world where he was. And now, now
The countess was lying in an armchair in a strange and awkward position,
her, and with unexpected strength raised her, turned her face toward
daughter’s head with all her strength. Then she turned toward her
toward which he moved throughout the whole war. Obviously in spite of
displeasure—said in Vílna that to carry the war beyond the frontier is
and that a new war should not be begun nor the frontiers of Russia
national war. And only that feeling placed him on that highest human
Krásnoe. Toward evening—after much disputing and many mistakes made by
were crowding to warm themselves at campfires. Near Dóbroe an immense
While the soldiers were shouting Kutúzov leaned forward in his saddle
long-sustained shouts. Afterwards when one of the generals addressed
falling snow and toward evening it began to clear. Through the falling
thirty-five feet long and seven feet high, moved forward along the
the men moved forward.
conditions the Russian soldiers were in at that time—lacking warm boots
toward the fire.
“You warm your back and your belly gets frozen. That’s queer.”
could be heard. Others turned over and warmed themselves, now and again
an officer and ought to be warmed. A Russian officer who had come up
officer into his hut to warm him, and when the messenger returned and
Russian side merely because in Petersburg—far from the seat of war—a
inertiæ—pressed forward into boats and into the ice-covered water and
dinner parties,” warmly replied Chichagóv, who tried by every word he
all understood that the war was not ended.
no fresh war could improve the position or add to the glory of Russia,
as merely a hindrance and obstacle to the impending war.
The war of 1812, besides its national significance dear to every Russian
movement of peoples from east to west, and for this fresh war another
national war but to die, and Kutúzov died.
tomorrow, that no one would deprive him of his warm bed, and that he
intimate places of her heart, and, mistrustfully at first but afterwards
French, do not even feel animosity toward them.”
refused without the least difficulty or effort, and was afterwards
His head steward came to him at Orël and Pierre reckoned up with him his
head steward’s calculation, about two million rubles.
To console Pierre for these losses the head steward gave him an estimate
debts. And Pierre decided that the steward’s proposals which had so
backwardness compared with Europe only heightened Pierre’s pleasure.
lifeless but still existed. There were bazaars, shops, warehouses,
well disposed toward them all, but was now instinctively on his
and above all to himself, a secret of which he himself had been unaware.
“Yes, yes, and so...?” Pierre kept saying as he leaned toward her with
face. They all three of them now experienced that feeling of awkwardness
awkward, and yet the desire to speak is there and silence seems like
“No,” answered Pierre, evidently not considering awkward the meaning
him toward everybody and especially toward himself, but when he came
When Natásha left the room Pierre’s confusion and awkwardness
moved an armchair toward Princess Mary.
“Good-by, Count,” she said aloud. “I shall look forward very much to
look forward very much to your return....’ Yes, yes, how did she say it?
Yes, ‘I shall look forward very much to your return.’ Oh, how happy I
he realized that people might not be aware of his happiness, he pitied
or when the war or any general political affairs were discussed on the
he was in doubt or inwardly at variance, he referred to the views he had
who formerly reflected the movement of the masses by ordering wars,
favoring Golítsyn and mysticism, and afterwards Shishkóv and Photius.
habits, passions, and impulses toward goodness, beauty, and truth—that
youth upwards has been occupied with learning: that is, with books and
If the aim of the European wars at the beginning of the nineteenth
accomplished without all the preceding wars and without the invasion. If
much better than warfare. If the aim was the progress of civilization,
the European peoples from west to east and afterwards from east to west.
For the peoples of the west to be able to make their warlike movement
a military group of a size able to endure a collision with the warlike
anyone of them is borne forward to a prominent position.
the war in Italy he is several times on the verge of destruction and
western forces push toward the east several times in 1805, 1806, 1807,
The invasion pushes eastward and reaches its final goal—Moscow. That
armies had suffered in the former war from Austerlitz to Wagram. But
1805, 1807, and 1809—precede the great westward movement; there is the
of natural forces; they anticipate war between their sovereigns; the
During the national war he was inactive because he was not needed. But
as soon as the necessity for a general European war presented itself he
The goal is reached. After the final war of 1815 Alexander possesses all
matter, she felt herself all the time in an awkward position. And when
latest war news, and when the ten minutes required by propriety had
perform toward them the duties demanded of him. And Nicholas’ management
make things easy for or reward anyone, merely because he felt inclined
mustache and winked so joyfully, when warm steady rain began to fall
After that, when in discussions with his village elders or stewards the
imposed upon himself as a duty, but which afterwards became a habit
had done Sónya, felt herself to blame toward her, and imagined that her
toward her which she could not overcome.
own injustice toward her.
would have a dispute, but long afterwards Pierre to his surprise and
him to the nurse, and went with rapid steps toward the door. But at the
him. He did not miss a single word he uttered, and would afterwards,
“It seems a little warmer today, my dear,” she would murmur.
which was usually toward seven o’clock when she had had an after-dinner
with his thin neck exposed by his turn-down collar, toward the place
yourself but only wanted a quiet life, the harsher your steward was the
toward the government?”
An awkward silence followed these words. Natásha was the first to speak,
instructions to the steward who had been waiting for him, went to the
Afterwards in the evening when I gave him his ticket, he again began
difference in their ages, but she felt herself to blame toward him and
strove toward the infinite, the eternal, and the absolute, and could
the first of you who moves forward.” Little Nicholas turned to look
subjection to the Deity and in a predetermined aim toward which nations
Secondly, it is assumed that the goal toward which humanity is being led
eastward and collides with a countermovement from the east westward.
said that God, to reward or punish his people, gave Napoleon power and
directed forces. In describing a war or the subjugation of a people, a
from the doctrine of the equality of man, or the very cruel wars and
of a force compelling men to direct their activity toward a certain end.
Napoleon ordered an army to be raised and go to war. We are so
wars, revolutions, and conquests—are presented by these historians
the west at the end of the eighteenth century and their drive eastward
Is the movement of the Russian people eastward to Kazán and Siberia
soon as revolutions, conquests, or civil wars occur—that is, as soon as
as for instance in a war or a revolution, and so without assuming an
When, for instance, we say that Napoleon ordered armies to go to war,
Men uniting in these combinations always assume such relations toward
is it that millions of men commit collective crimes—make war, commit
every bit of it is occasioned by the forward movement of the ship,
same applies to historical events. Why war and revolution occur we do
downwards, a man indubitably believes this and always expects the law
in memory, or what is the same thing the farther I go forward in my
The Austro-Prussian war appears to us undoubtedly the result of the
crafty conduct of Bismarck, and so on. The Napoleonic wars still seem
or mother, or self-sacrifice with the possibility of a reward, is more
with the self-destruction toward which—ever dissecting and dissecting
warranties or the exclusion or limitation of certain types of damages.
